Mon, 25 Apr 2011 19:46:50 GMT  ~  info  ~  Logfile created
 ~ (0.000417) PRAGMA table_info("comments")
 ~ (0.000142) SELECT sqlite_version(*)
 ~ (0.001663) CREATE TABLE "comments" ("id" INTEGER NOT NULL PRIMARY KEY AUTOINCREMENT, "author" VARCHAR(50), "email" VARCHAR(50), "url" VARCHAR(50), "body" VARCHAR(50), "post_id" INTEGER, "created_at" TIMESTAMP)
 ~ (0.000009) PRAGMA table_info("posts")
 ~ (0.001095) CREATE TABLE "posts" ("id" INTEGER NOT NULL PRIMARY KEY AUTOINCREMENT, "title" VARCHAR(50), "slug" VARCHAR(50), "body" TEXT, "created_at" TIMESTAMP, "updated_at" TIMESTAMP)
 ~ (0.000009) PRAGMA table_info("works")
 ~ (0.000976) CREATE TABLE "works" ("id" INTEGER NOT NULL PRIMARY KEY AUTOINCREMENT, "title" VARCHAR(50), "slug" VARCHAR(50), "info" TEXT, "services" VARCHAR(50), "thumb" VARCHAR(50), "screenshots" TEXT, "classification" VARCHAR(50))
 ~ (0.000076) SELECT "id", "title", "slug", "services", "thumb", "classification" FROM "works" ORDER BY "id" DESC LIMIT 1
 ~ (0.000038) SELECT "id", "title", "slug", "created_at", "updated_at" FROM "posts" ORDER BY "id"
 ~ (0.000851) PRAGMA table_info("comments")
 ~ (0.000161) PRAGMA table_info("comments")
 ~ (0.000013) PRAGMA table_info("comments")
 ~ (0.000012) PRAGMA table_info("comments")
 ~ (0.000012) PRAGMA table_info("comments")
 ~ (0.000012) PRAGMA table_info("comments")
 ~ (0.000013) PRAGMA table_info("comments")
 ~ (0.000013) PRAGMA table_info("comments")
 ~ (0.000012) PRAGMA table_info("posts")
 ~ (0.000012) PRAGMA table_info("posts")
 ~ (0.000012) PRAGMA table_info("posts")
 ~ (0.000011) PRAGMA table_info("posts")
 ~ (0.000016) PRAGMA table_info("posts")
 ~ (0.000012) PRAGMA table_info("posts")
 ~ (0.000017) PRAGMA table_info("posts")
 ~ (0.000012) PRAGMA table_info("works")
 ~ (0.000013) PRAGMA table_info("works")
 ~ (0.000012) PRAGMA table_info("works")
 ~ (0.000012) PRAGMA table_info("works")
 ~ (0.000012) PRAGMA table_info("works")
 ~ (0.000018) PRAGMA table_info("works")
 ~ (0.000012) PRAGMA table_info("works")
 ~ (0.000013) PRAGMA table_info("works")
 ~ (0.000012) PRAGMA table_info("works")
 ~ (0.000110) SELECT "id", "title", "slug", "services", "thumb", "classification" FROM "works" ORDER BY "id" DESC LIMIT 1
 ~ (0.000065) SELECT "id", "title", "slug", "created_at", "updated_at" FROM "posts" ORDER BY "id"
 ~ (0.000802) PRAGMA table_info("comments")
 ~ (0.000159) PRAGMA table_info("comments")
 ~ (0.000013) PRAGMA table_info("comments")
 ~ (0.000014) PRAGMA table_info("comments")
 ~ (0.000014) PRAGMA table_info("comments")
 ~ (0.000012) PRAGMA table_info("comments")
 ~ (0.000013) PRAGMA table_info("comments")
 ~ (0.000013) PRAGMA table_info("comments")
 ~ (0.000013) PRAGMA table_info("posts")
 ~ (0.000016) PRAGMA table_info("posts")
 ~ (0.000011) PRAGMA table_info("posts")
 ~ (0.000016) PRAGMA table_info("posts")
 ~ (0.000012) PRAGMA table_info("posts")
 ~ (0.000016) PRAGMA table_info("posts")
 ~ (0.000011) PRAGMA table_info("posts")
 ~ (0.000012) PRAGMA table_info("works")
 ~ (0.000017) PRAGMA table_info("works")
 ~ (0.000012) PRAGMA table_info("works")
 ~ (0.000012) PRAGMA table_info("works")
 ~ (0.000014) PRAGMA table_info("works")
 ~ (0.000013) PRAGMA table_info("works")
 ~ (0.000017) PRAGMA table_info("works")
 ~ (0.000012) PRAGMA table_info("works")
 ~ (0.000014) PRAGMA table_info("works")
 ~ (0.000794) PRAGMA table_info("comments")
 ~ (0.000154) PRAGMA table_info("comments")
 ~ (0.000012) PRAGMA table_info("comments")
 ~ (0.000013) PRAGMA table_info("comments")
 ~ (0.000013) PRAGMA table_info("comments")
 ~ (0.000012) PRAGMA table_info("comments")
 ~ (0.000012) PRAGMA table_info("comments")
 ~ (0.000012) PRAGMA table_info("comments")
 ~ (0.000012) PRAGMA table_info("posts")
 ~ (0.000012) PRAGMA table_info("posts")
 ~ (0.000016) PRAGMA table_info("posts")
 ~ (0.000011) PRAGMA table_info("posts")
 ~ (0.000016) PRAGMA table_info("posts")
 ~ (0.000012) PRAGMA table_info("posts")
 ~ (0.000016) PRAGMA table_info("posts")
 ~ (0.000045) PRAGMA table_info("works")
 ~ (0.000014) PRAGMA table_info("works")
 ~ (0.000013) PRAGMA table_info("works")
 ~ (0.000012) PRAGMA table_info("works")
 ~ (0.000015) PRAGMA table_info("works")
 ~ (0.000012) PRAGMA table_info("works")
 ~ (0.000013) PRAGMA table_info("works")
 ~ (0.000013) PRAGMA table_info("works")
 ~ (0.000013) PRAGMA table_info("works")
 ~ (0.000099) SELECT "id", "title", "slug", "services", "thumb", "classification" FROM "works" ORDER BY "id" DESC LIMIT 1
 ~ (0.000044) SELECT "id", "title", "slug", "created_at", "updated_at" FROM "posts" ORDER BY "id"
 ~ (0.000837) PRAGMA table_info("comments")
 ~ (0.000268) PRAGMA table_info("comments")
 ~ (0.000014) PRAGMA table_info("comments")
 ~ (0.000014) PRAGMA table_info("comments")
 ~ (0.000013) PRAGMA table_info("comments")
 ~ (0.000013) PRAGMA table_info("comments")
 ~ (0.000013) PRAGMA table_info("comments")
 ~ (0.000012) PRAGMA table_info("comments")
 ~ (0.000014) PRAGMA table_info("posts")
 ~ (0.000012) PRAGMA table_info("posts")
 ~ (0.000016) PRAGMA table_info("posts")
 ~ (0.000012) PRAGMA table_info("posts")
 ~ (0.000016) PRAGMA table_info("posts")
 ~ (0.000012) PRAGMA table_info("posts")
 ~ (0.000016) PRAGMA table_info("posts")
 ~ (0.000018) PRAGMA table_info("works")
 ~ (0.000013) PRAGMA table_info("works")
 ~ (0.000013) PRAGMA table_info("works")
 ~ (0.000013) PRAGMA table_info("works")
 ~ (0.000012) PRAGMA table_info("works")
 ~ (0.000017) PRAGMA table_info("works")
 ~ (0.000013) PRAGMA table_info("works")
 ~ (0.000013) PRAGMA table_info("works")
 ~ (0.000013) PRAGMA table_info("works")
 ~ (0.000810) PRAGMA table_info("comments")
 ~ (0.000164) PRAGMA table_info("comments")
 ~ (0.000015) PRAGMA table_info("comments")
 ~ (0.000013) PRAGMA table_info("comments")
 ~ (0.000013) PRAGMA table_info("comments")
 ~ (0.000012) PRAGMA table_info("comments")
 ~ (0.000012) PRAGMA table_info("comments")
 ~ (0.000012) PRAGMA table_info("comments")
 ~ (0.000013) PRAGMA table_info("posts")
 ~ (0.000012) PRAGMA table_info("posts")
 ~ (0.000013) PRAGMA table_info("posts")
 ~ (0.000011) PRAGMA table_info("posts")
 ~ (0.000013) PRAGMA table_info("posts")
 ~ (0.000012) PRAGMA table_info("posts")
 ~ (0.000012) PRAGMA table_info("posts")
 ~ (0.000013) PRAGMA table_info("works")
 ~ (0.000013) PRAGMA table_info("works")
 ~ (0.000012) PRAGMA table_info("works")
 ~ (0.000014) PRAGMA table_info("works")
 ~ (0.000012) PRAGMA table_info("works")
 ~ (0.000012) PRAGMA table_info("works")
 ~ (0.000013) PRAGMA table_info("works")
 ~ (0.000014) PRAGMA table_info("works")
 ~ (0.000013) PRAGMA table_info("works")
 ~ (0.000088) SELECT "id", "title", "slug", "services", "thumb", "classification" FROM "works" ORDER BY "id" DESC LIMIT 1
 ~ (0.000037) SELECT "id", "title", "slug", "created_at", "updated_at" FROM "posts" ORDER BY "id"
 ~ (0.000802) PRAGMA table_info("comments")
 ~ (0.000164) PRAGMA table_info("comments")
 ~ (0.000013) PRAGMA table_info("comments")
 ~ (0.000012) PRAGMA table_info("comments")
 ~ (0.000013) PRAGMA table_info("comments")
 ~ (0.000012) PRAGMA table_info("comments")
 ~ (0.000013) PRAGMA table_info("comments")
 ~ (0.000013) PRAGMA table_info("comments")
 ~ (0.000013) PRAGMA table_info("posts")
 ~ (0.000012) PRAGMA table_info("posts")
 ~ (0.000013) PRAGMA table_info("posts")
 ~ (0.000012) PRAGMA table_info("posts")
 ~ (0.000011) PRAGMA table_info("posts")
 ~ (0.000012) PRAGMA table_info("posts")
 ~ (0.000011) PRAGMA table_info("posts")
 ~ (0.000014) PRAGMA table_info("works")
 ~ (0.000013) PRAGMA table_info("works")
 ~ (0.000013) PRAGMA table_info("works")
 ~ (0.000013) PRAGMA table_info("works")
 ~ (0.000013) PRAGMA table_info("works")
 ~ (0.000014) PRAGMA table_info("works")
 ~ (0.000014) PRAGMA table_info("works")
 ~ (0.000013) PRAGMA table_info("works")
 ~ (0.000013) PRAGMA table_info("works")
 ~ (0.000097) SELECT "id", "title", "slug", "services", "thumb", "classification" FROM "works" ORDER BY "id"
 ~ (0.000787) PRAGMA table_info("comments")
 ~ (0.000157) PRAGMA table_info("comments")
 ~ (0.000012) PRAGMA table_info("comments")
 ~ (0.000012) PRAGMA table_info("comments")
 ~ (0.000014) PRAGMA table_info("comments")
 ~ (0.000013) PRAGMA table_info("comments")
 ~ (0.000013) PRAGMA table_info("comments")
 ~ (0.000014) PRAGMA table_info("comments")
 ~ (0.000012) PRAGMA table_info("posts")
 ~ (0.000013) PRAGMA table_info("posts")
 ~ (0.000012) PRAGMA table_info("posts")
 ~ (0.000012) PRAGMA table_info("posts")
 ~ (0.000011) PRAGMA table_info("posts")
 ~ (0.000012) PRAGMA table_info("posts")
 ~ (0.000011) PRAGMA table_info("posts")
 ~ (0.000014) PRAGMA table_info("works")
 ~ (0.000013) PRAGMA table_info("works")
 ~ (0.000013) PRAGMA table_info("works")
 ~ (0.000014) PRAGMA table_info("works")
 ~ (0.000013) PRAGMA table_info("works")
 ~ (0.000013) PRAGMA table_info("works")
 ~ (0.000013) PRAGMA table_info("works")
 ~ (0.000015) PRAGMA table_info("works")
 ~ (0.000013) PRAGMA table_info("works")
 ~ (0.000094) SELECT "id", "title", "slug", "services", "thumb", "classification" FROM "works" ORDER BY "id" DESC LIMIT 1
 ~ (0.000042) SELECT "id", "title", "slug", "created_at", "updated_at" FROM "posts" ORDER BY "id"
 ~ (0.000784) PRAGMA table_info("comments")
 ~ (0.000157) PRAGMA table_info("comments")
 ~ (0.000012) PRAGMA table_info("comments")
 ~ (0.000012) PRAGMA table_info("comments")
 ~ (0.000012) PRAGMA table_info("comments")
 ~ (0.000013) PRAGMA table_info("comments")
 ~ (0.000014) PRAGMA table_info("comments")
 ~ (0.000013) PRAGMA table_info("comments")
 ~ (0.000013) PRAGMA table_info("posts")
 ~ (0.000012) PRAGMA table_info("posts")
 ~ (0.000012) PRAGMA table_info("posts")
 ~ (0.000011) PRAGMA table_info("posts")
 ~ (0.000013) PRAGMA table_info("posts")
 ~ (0.000012) PRAGMA table_info("posts")
 ~ (0.000028) PRAGMA table_info("posts")
 ~ (0.000016) PRAGMA table_info("works")
 ~ (0.000013) PRAGMA table_info("works")
 ~ (0.000014) PRAGMA table_info("works")
 ~ (0.000013) PRAGMA table_info("works")
 ~ (0.000013) PRAGMA table_info("works")
 ~ (0.000013) PRAGMA table_info("works")
 ~ (0.000012) PRAGMA table_info("works")
 ~ (0.000019) PRAGMA table_info("works")
 ~ (0.000013) PRAGMA table_info("works")
 ~ (0.000100) SELECT "id", "title", "slug", "created_at", "updated_at" FROM "posts" ORDER BY "id"
 ~ (0.000798) PRAGMA table_info("comments")
 ~ (0.000154) PRAGMA table_info("comments")
 ~ (0.000012) PRAGMA table_info("comments")
 ~ (0.000013) PRAGMA table_info("comments")
 ~ (0.000013) PRAGMA table_info("comments")
 ~ (0.000012) PRAGMA table_info("comments")
 ~ (0.000013) PRAGMA table_info("comments")
 ~ (0.000013) PRAGMA table_info("comments")
 ~ (0.000013) PRAGMA table_info("posts")
 ~ (0.000012) PRAGMA table_info("posts")
 ~ (0.000012) PRAGMA table_info("posts")
 ~ (0.000012) PRAGMA table_info("posts")
 ~ (0.000012) PRAGMA table_info("posts")
 ~ (0.000012) PRAGMA table_info("posts")
 ~ (0.000012) PRAGMA table_info("posts")
 ~ (0.000013) PRAGMA table_info("works")
 ~ (0.000018) PRAGMA table_info("works")
 ~ (0.000012) PRAGMA table_info("works")
 ~ (0.000012) PRAGMA table_info("works")
 ~ (0.000013) PRAGMA table_info("works")
 ~ (0.000013) PRAGMA table_info("works")
 ~ (0.000018) PRAGMA table_info("works")
 ~ (0.000012) PRAGMA table_info("works")
 ~ (0.000013) PRAGMA table_info("works")
 ~ (0.000103) SELECT "id", "title", "slug", "services", "thumb", "classification" FROM "works" ORDER BY "id" DESC LIMIT 1
 ~ (0.000032) SELECT "id", "title", "slug", "created_at", "updated_at" FROM "posts" ORDER BY "id"
